{
  "RSpec": {
    "coverage": {
      "/Users/jg16/projects/james/limber/lib/labware_barcode.rb": [
        null,
        null,
        null,
        1,
        1,
        null,
        1,
        129,
        129,
        129,
        null,
        null,
        1,
        65,
        null,
        null,
        1,
        65,
        null,
        null,
        1,
        null,
        1,
        260,
        null,
        null
      ],
      "/Users/jg16/projects/james/limber/app/helpers/application_helper.rb": [
        null,
        null,
        1,
        1,
        1,
        1,
        null,
        1,
        1,
        1,
        null,
        null,
        null,
        1,
        null,
        0,
        null,
        null,
        1,
        null,
        null,
        1,
        0,
        null,
        null,
        1,
        183,
        null,
        null,
        1,
        183,
        null,
        null,
        1,
        102,
        null,
        null
      ],
      "/Users/jg16/projects/james/limber/app/helpers/barcode_labels_helper.rb": [
        null,
        null,
        1,
        1,
        null,
        null,
        58,
        58,
        58,
        null,
        null,
        null,
        null,
        58,
        58,
        null,
        null,
        1,
        290,
        null,
        null,
        1,
        142,
        100,
        null,
        null
      ],
      "/Users/jg16/projects/james/limber/app/helpers/creation_helper.rb": [
        null,
        null,
        1,
        null
      ],
      "/Users/jg16/projects/james/limber/app/helpers/labware_helper.rb": [
        null,
        null,
        1,
        1,
        58,
        null,
        null,
        1,
        58,
        null,
        null,
        97,
        1,
        null,
        1,
        3,
        8,
        9,
        10,
        8,
        null,
        null,
        null,
        9,
        1,
        1,
        null,
        1,
        116,
        null,
        null,
        1,
        2,
        116,
        116,
        53,
        null,
        null,
        null,
        1,
        1,
        null,
        1,
        0,
        0,
        0,
        null,
        null,
        1,
        1744,
        null,
        null,
        1,
        1744,
        null,
        null,
        1,
        2,
        null,
        2,
        null,
        2,
        16,
        192,
        null,
        null,
        null,
        2,
        null,
        null,
        1,
        12126,
        10540,
        null,
        10540,
        null,
        null,
        1,
        5,
        null,
        null,
        1,
        22,
        4,
        18,
        null,
        null,
        null,
        0,
        null,
        null,
        null
      ],
      "/Users/jg16/projects/james/limber/app/helpers/page_helper.rb": [
        null,
        null,
        1,
        1,
        183,
        null,
        null,
        1,
        549,
        null,
        1,
        null,
        null,
        null,
        1,
        183,
        183,
        183,
        183,
        17,
        null,
        166,
        null,
        null,
        null,
        null,
        null,
        1,
        183,
        null,
        null,
        null,
        1,
        183,
        null,
        null,
        1,
        415,
        415,
        415,
        144,
        null,
        271,
        null,
        null,
        null,
        null,
        1,
        0,
        0,
        null,
        null,
        null,
        1,
        198,
        198,
        198,
        198,
        null,
        null,
        null,
        null,
        1,
        2976,
        null,
        null
      ],
      "/Users/jg16/projects/james/limber/app/helpers/plate_helper.rb": [
        null,
        null,
        1,
        1,
        1,
        23,
        23,
        null,
        null,
        1,
        0,
        null,
        null,
        1,
        1997,
        null,
        1,
        null,
        1,
        1744,
        null,
        null,
        1,
        null,
        null,
        1,
        23,
        null,
        null,
        1,
        0,
        null,
        null,
        null,
        1,
        0,
        0,
        null,
        1,
        null,
        1,
        0,
        null,
        0,
        0,
        0,
        0,
        0,
        null,
        null,
        0,
        null,
        null,
        0,
        null,
        null,
        1,
        2,
        3,
        6,
        null,
        2,
        2,
        3,
        53,
        null,
        null,
        null,
        null,
        null,
        1,
        0,
        null,
        null
      ],
      "/Users/jg16/projects/james/limber/app/helpers/search_helper.rb": [
        null,
        null,
        1,
        1,
        733,
        null,
        null,
        1,
        212,
        null,
        null,
        1,
        null,
        28,
        21,
        null,
        null
      ],
      "/Users/jg16/projects/james/limber/app/helpers/session_helper.rb": [
        null,
        null,
        null,
        1,
        null,
        null,
        null,
        1,
        183,
        null,
        null,
        1,
        183,
        null,
        null,
        null,
        null,
        1,
        282,
        null,
        null,
        1,
        283,
        null,
        null,
        1,
        0,
        0,
        null,
        null,
        1,
        183,
        null,
        null
      ],
      "/Users/jg16/projects/james/limber/app/helpers/tubes_helper.rb": [
        null,
        null,
        1,
        null
      ],
      "/Users/jg16/projects/james/limber/app/controllers/plates_controller.rb": [
        null,
        null,
        1,
        1,
        null,
        1,
        2,
        0,
        null,
        2,
        null,
        null,
        null,
        null,
        null,
        null,
        null,
        2,
        null,
        null,
        null,
        1,
        16,
        null,
        null,
        1,
        null,
        1,
        null,
        null,
        52,
        null,
        null
      ],
      "/Users/jg16/projects/james/limber/app/controllers/labware_controller.rb": [
        null,
        null,
        1,
        null,
        1,
        1,
        1,
        1,
        null,
        1,
        null,
        1,
        64,
        64,
        null,
        64,
        64,
        64,
        59,
        null,
        64,
        1,
        1,
        null,
        64,
        null,
        null,
        null,
        1,
        1,
        null,
        1,
        1,
        null,
        1,
        1,
        1,
        null,
        null,
        null,
        null,
        null,
        null,
        0,
        0,
        0,
        null,
        null,
        null,
        1,
        null,
        1,
        0,
        null,
        null,
        null,
        null,
        null,
        1,
        1,
        null,
        null,
        1,
        65,
        null,
        null,
        1,
        64,
        null,
        null,
        1,
        1,
        null,
        null,
        1,
        64,
        null,
        null,
        null,
        null,
        null
      ],
      "/Users/jg16/projects/james/limber/app/controllers/application_controller.rb": [
        null,
        null,
        1,
        1,
        1,
        1,
        null,
        1,
        365,
        null,
        null,
        1,
        null,
        1,
        45,
        0,
        null,
        null,
        null,
        null,
        null
      ],
      "/Users/jg16/projects/james/limber/lib/well_helpers.rb": [
        null,
        null,
        1,
        1,
        1,
        1,
        null,
        null,
        1,
        1,
        1,
        null,
        null,
        1,
        52167,
        null,
        null,
        1,
        204608,
        null,
        null,
        null,
        null,
        null,
        1,
        2127551,
        null,
        null,
        null,
        null,
        null,
        1,
        778056,
        null,
        null,
        null,
        null,
        null,
        null,
        null,
        null,
        null,
        1,
        7057,
        null,
        null,
        null,
        null,
        null,
        1,
        4662,
        null,
        null,
        null,
        null,
        null,
        null,
        null,
        null,
        1,
        3,
        3,
        null,
        null,
        null,
        null,
        null,
        null,
        null,
        1,
        9888,
        null,
        null,
        null,
        null,
        null,
        null,
        null,
        null,
        null,
        null,
        1,
        891,
        null,
        null,
        null,
        null,
        null,
        null,
        null,
        null,
        null,
        null,
        null,
        1,
        null,
        507,
        11,
        5,
        null,
        null,
        null,
        null,
        null,
        null,
        null,
        null,
        null,
        1,
        42,
        42,
        null,
        null,
        null,
        null,
        null,
        null,
        null,
        null,
        null,
        1,
        4167,
        null,
        null
      ],
      "/Users/jg16/projects/james/limber/app/models/presenters.rb": [
        null,
        null,
        1,
        1,
        64,
        64,
        64,
        null,
        0,
        0,
        0,
        0,
        null,
        null,
        null,
        null
      ],
      "/Users/jg16/projects/james/limber/app/models/presenters/unknown_labware_type.rb": [
        null,
        null,
        1,
        1,
        null,
        null
      ],
      "/Users/jg16/projects/james/limber/app/controllers/exports_controller.rb": [
        null,
        null,
        1,
        null,
        null,
        null,
        1,
        1,
        1,
        null,
        1,
        2,
        null,
        null,
        1,
        null,
        1,
        1,
        null,
        null,
        1,
        null,
        null,
        null,
        null,
        1,
        2,
        null,
        null
      ],
      "/Users/jg16/projects/james/limber/app/controllers/plates/work_completions_controller.rb": [
        null,
        null,
        1,
        1,
        null,
        1,
        null,
        1,
        6,
        null,
        null
      ],
      "/Users/jg16/projects/james/limber/app/controllers/concerns/work_completion_behaviour.rb": [
        null,
        null,
        null,
        null,
        null,
        null,
        null,
        1,
        null,
        null,
        null,
        null,
        1,
        8,
        null,
        4,
        null,
        null,
        null,
        null,
        null,
        4,
        null,
        4,
        1,
        1,
        1,
        null,
        0,
        null,
        null,
        null,
        4,
        null,
        null,
        1,
        null,
        null,
        1,
        null,
        null
      ],
      "/Users/jg16/projects/james/limber/app/controllers/print_jobs_controller.rb": [
        null,
        null,
        1,
        1,
        1,
        1,
        1,
        null,
        0,
        null,
        1,
        null,
        null,
        1,
        null,
        1,
        2,
        null,
        null,
        null,
        null,
        2,
        null,
        null,
        null
      ],
      "/Users/jg16/projects/james/limber/app/controllers/qc_files_controller.rb": [
        null,
        null,
        1,
        1,
        null,
        1,
        null,
        1,
        1,
        2,
        null,
        null,
        null,
        1,
        1,
        1,
        1,
        null,
        null,
        1,
        1,
        1,
        null,
        null,
        1,
        null,
        1,
        2,
        2,
        2,
        2,
        2,
        null,
        0,
        null,
        null
      ],
      "/Users/jg16/projects/james/limber/app/controllers/robots_controller.rb": [
        null,
        null,
        1,
        1,
        1,
        1,
        1,
        null,
        1,
        3,
        6,
        3,
        null,
        null,
        null,
        1,
        2,
        2,
        2,
        4,
        2,
        null,
        null,
        2,
        2,
        2,
        null,
        null,
        null,
        null,
        null,
        0,
        0,
        null,
        null,
        null,
        1,
        4,
        null,
        null,
        1,
        9,
        null,
        null,
        null,
        null,
        null,
        1,
        null,
        1,
        6,
        6,
        10,
        null,
        null,
        null,
        1,
        null,
        1,
        10,
        10,
        0,
        null,
        1,
        null,
        1,
        2,
        0,
        0,
        null,
        1,
        null
      ],
      "/Users/jg16/projects/james/limber/app/controllers/search_controller.rb": [
        null,
        null,
        1,
        1,
        null,
        1,
        null,
        1,
        null,
        1,
        4,
        4,
        4,
        null,
        4,
        4,
        null,
        null,
        null,
        4,
        null,
        null,
        1,
        3,
        3,
        3,
        3,
        null,
        3,
        null,
        null,
        null,
        3,
        null,
        null,
        1,
        19,
        19,
        19,
        19,
        null,
        null,
        null,
        0,
        null,
        null,
        1,
        50,
        50,
        100,
        null,
        null,
        0,
        0,
        null,
        null,
        0,
        0,
        0,
        null,
        null,
        null,
        1,
        50,
        50,
        0,
        null,
        50,
        null,
        50,
        null,
        0,
        null,
        null,
        1,
        19,
        null,
        0,
        null,
        null,
        1,
        0,
        0,
        0,
        null,
        null,
        0,
        0,
        null,
        null,
        null,
        1,
        null,
        1,
        38,
        null,
        null,
        1,
        4,
        null,
        null,
        1,
        3,
        null,
        null
      ],
      "/Users/jg16/projects/james/limber/app/controllers/tubes_controller.rb": [
        null,
        null,
        1,
        1,
        null,
        1,
        13,
        null,
        null
      ],
      "/Users/jg16/projects/james/limber/app/controllers/tube_creation_controller.rb": [
        null,
        null,
        1,
        1,
        7,
        null,
        null,
        1,
        5,
        5,
        5,
        5,
        10,
        null,
        null,
        null,
        1,
        null,
        1,
        10,
        null,
        null,
        1,
        10,
        null,
        null
      ],
      "/Users/jg16/projects/james/limber/app/controllers/creation_controller.rb": [
        null,
        null,
        1,
        1,
        1,
        null,
        1,
        36,
        null,
        null,
        1,
        22,
        22,
        22,
        44,
        null,
        null,
        null,
        1,
        16,
        null,
        null,
        null,
        null,
        null,
        1,
        36,
        null,
        null,
        null,
        null,
        null,
        null,
        null,
        1,
        0,
        0,
        null,
        0,
        0,
        0,
        null,
        null,
        null,
        null,
        null,
        null,
        null
      ],
      "/Users/jg16/projects/james/limber/app/models/labware_creators.rb": [
        null,
        null,
        1,
        null,
        null,
        1,
        1,
        2,
        2,
        null,
        null,
        1,
        null,
        null,
        1,
        180,
        null,
        null
      ],
      "/Users/jg16/projects/james/limber/app/controllers/tubes/work_completions_controller.rb": [
        null,
        null,
        1,
        1,
        null,
        1,
        null,
        1,
        6,
        null,
        null
      ],
      "/Users/jg16/projects/james/limber/app/models/labware_creators/baited_plate.rb": [
        null,
        null,
        1,
        null,
        1,
        1,
        1,
        1,
        null,
        1,
        1,
        1,
        null,
        1,
        null,
        1,
        10,
        null,
        null,
        1,
        null,
        null,
        null,
        193,
        null,
        null,
        1,
        2,
        2,
        null,
        null,
        null,
        null,
        null,
        null,
        1,
        9,
        null,
        null,
        1,
        0,
        null,
        null,
        1,
        97,
        null,
        null,
        1,
        2,
        192,
        192,
        null,
        192,
        null,
        null,
        null,
        null,
        null,
        null,
        null,
        1,
        1,
        null,
        null,
        null
      ],
      "/Users/jg16/projects/james/limber/app/models/labware_creators/base.rb": [
        null,
        null,
        1,
        1,
        null,
        1,
        1,
        1,
        1,
        1,
        null,
        1,
        1,
        1,
        null,
        1,
        null,
        1,
        null,
        null,
        1,
        0,
        null,
        null,
        1,
        30,
        null,
        null,
        1,
        2,
        null,
        null,
        1,
        1649,
        null,
        null,
        null,
        null,
        null,
        null,
        1,
        0,
        null,
        null,
        1,
        0,
        null,
        null,
        1,
        36,
        34,
        null,
        null,
        null,
        null,
        null,
        null,
        null,
        null,
        null,
        null,
        1,
        29,
        null,
        null,
        null,
        null,
        null,
        null,
        null,
        null,
        1,
        29,
        null,
        null,
        1,
        null,
        1,
        34,
        null,
        null,
        1,
        6,
        6,
        6,
        6,
        6,
        null,
        null,
        1,
        6,
        null,
        null,
        null,
        null,
        null,
        null,
        1,
        3,
        null,
        null,
        null,
        null,
        null,
        null,
        1,
        4,
        null,
        null,
        1,
        31,
        null,
        null,
        null
      ],
      "/Users/jg16/projects/james/limber/app/models/concerns/form.rb": [
        null,
        null,
        1,
        1,
        1,
        5,
        5,
        5,
        null,
        5,
        5,
        null,
        5,
        5,
        null,
        5,
        null,
        null,
        null,
        1,
        281,
        1254,
        null,
        null,
        null,
        1,
        2135,
        2135,
        null,
        2135,
        2135,
        867,
        null,
        1,
        null,
        1,
        270,
        270,
        null,
        null,
        1,
        20,
        null,
        null
      ],
      "/Users/jg16/projects/james/limber/app/models/plate_walking.rb": [
        null,
        null,
        1,
        1,
        80,
        null,
        null,
        1,
        1,
        1,
        14350,
        14350,
        14350,
        null,
        null,
        1,
        null,
        1,
        null,
        1,
        6382,
        null,
        null,
        1,
        27114,
        null,
        null,
        null,
        1,
        8051,
        6465,
        8715,
        null,
        null,
        1,
        null,
        null
      ],
      "/Users/jg16/projects/james/limber/app/models/concerns/labware_creators/no_custom_page.rb": [
        null,
        null,
        null,
        null,
        1,
        1,
        6,
        6,
        null,
        null
      ],
      "/Users/jg16/projects/james/limber/app/models/concerns/labware_creators/support_parent/plate_only.rb": [
        null,
        null,
        1,
        null,
        null,
        1,
        1,
        null,
        1,
        1,
        133,
        null,
        null,
        null,
        1,
        1802,
        null,
        null,
        null
      ],
      "/Users/jg16/projects/james/limber/app/models/concerns/labware_creators/custom_page.rb": [
        null,
        null,
        null,
        null,
        1,
        null,
        1,
        23,
        null,
        null
      ],
      "/Users/jg16/projects/james/limber/app/models/labware_creators/custom_pooled_tubes.rb": [
        null,
        null,
        1,
        1,
        null,
        null,
        null,
        null,
        1,
        1,
        1,
        1,
        null,
        1,
        1,
        null,
        1,
        null,
        1,
        1,
        1,
        null,
        1,
        3,
        1,
        null,
        null,
        1,
        3,
        30,
        30,
        7,
        23,
        8,
        null,
        null,
        null,
        null,
        1,
        null,
        null,
        null,
        1,
        null,
        null,
        null,
        15,
        null,
        null,
        null,
        null,
        null,
        1,
        1,
        null,
        null,
        1,
        9,
        null,
        null,
        null
      ],
      "/Users/jg16/projects/james/limber/lib/nested_validation.rb": [
        null,
        null,
        null,
        null,
        null,
        null,
        null,
        null,
        null,
        null,
        null,
        null,
        null,
        null,
        null,
        null,
        1,
        1,
        1,
        27,
        177,
        25,
        37,
        null,
        null,
        null,
        null,
        null,
        1,
        3,
        null,
        null
      ],
      "/Users/jg16/projects/james/limber/app/models/labware_creators/pooled_tubes_base.rb": [
        null,
        null,
        1,
        null,
        null,
        1,
        1,
        1,
        null,
        1,
        4,
        4,
        4,
        null,
        null,
        1,
        null,
        null,
        null,
        null,
        null,
        4,
        null,
        null,
        1,
        4,
        null,
        null,
        null,
        null,
        null,
        1,
        4,
        7,
        null,
        null,
        null,
        null,
        35,
        null,
        null,
        null,
        null,
        1,
        null,
        null,
        null,
        null,
        20,
        null,
        null,
        1,
        4,
        null,
        null,
        null,
        null,
        null,
        null,
        null,
        1,
        0,
        null,
        null,
        1,
        null,
        1,
        4,
        7,
        null,
        null,
        null,
        1,
        42,
        42,
        null,
        null,
        1,
        42,
        null,
        null,
        null,
        null,
        null,
        null,
        null,
        1,
        86,
        null,
        null,
        null,
        null,
        null,
        null,
        null,
        null,
        1,
        0,
        null,
        null,
        null
      ],
      "/Users/jg16/projects/james/limber/app/models/concerns/labware_creators/support_parent/tagged_plate_only.rb": [
        null,
        null,
        1,
        1,
        1,
        1,
        1,
        10,
        null,
        null,
        null,
        1,
        0,
        null,
        null,
        null
      ],
      "/Users/jg16/projects/james/limber/app/models/concerns/labware_creators/support_parent/plate_ready_for_custom_pooling_only.rb": [
        null,
        null,
        1,
        1,
        1,
        1,
        1,
        3,
        null,
        null,
        null,
        1,
        37,
        null,
        null,
        null
      ],
      "/Users/jg16/projects/james/limber/app/models/labware_creators/custom_pooled_tubes/csv_file.rb": [
        null,
        null,
        1,
        1,
        null,
        1,
        1,
        null,
        null,
        null,
        1,
        1,
        1,
        null,
        1,
        1,
        1,
        1,
        null,
        1,
        null,
        1,
        11,
        11,
        null,
        0,
        0,
        0,
        null,
        11,
        null,
        null,
        null,
        null,
        null,
        null,
        null,
        1,
        7,
        null,
        null,
        1,
        28,
        0,
        0,
        null,
        null,
        null,
        1,
        170,
        null,
        null,
        1,
        null,
        1,
        null,
        128,
        13,
        null,
        null,
        null,
        1,
        14,
        null,
        null,
        1,
        4,
        9,
        3,
        48,
        45,
        null,
        3,
        null,
        null,
        null
      ],
      "/Users/jg16/projects/james/limber/app/models/labware_creators/final_tube_from_plate.rb": [
        null,
        null,
        1,
        null,
        null,
        null,
        null,
        null,
        null,
        null,
        null,
        null,
        1,
        1,
        null,
        1,
        null,
        1,
        null,
        1,
        3,
        3,
        null,
        null,
        null,
        null,
        null,
        null,
        null,
        1,
        1,
        null,
        null,
        1,
        null,
        1,
        null,
        null,
        null,
        3,
        null,
        null,
        1,
        3,
        3,
        6,
        null,
        null,
        null,
        null,
        null,
        null,
        null,
        1,
        3,
        6,
        null,
        null,
        null,
        1,
        0,
        null,
        null,
        null
      ],
      "/Users/jg16/projects/james/limber/app/models/concerns/labware_creators/support_parent/plate_ready_for_pooling_only.rb": [
        null,
        null,
        1,
        1,
        1,
        1,
        1,
        9,
        null,
        null,
        null,
        1,
        57,
        null,
        null,
        null
      ],
      "/Users/jg16/projects/james/limber/app/models/labware_creators/final_tube.rb": [
        null,
        null,
        1,
        null,
        null,
        null,
        null,
        null,
        null,
        1,
        1,
        null,
        1,
        null,
        1,
        4,
        1,
        null,
        3,
        null,
        null,
        null,
        1,
        null,
        1,
        9,
        null,
        null,
        1,
        2,
        null,
        null,
        1,
        1,
        null,
        1,
        null,
        1,
        4,
        4,
        null,
        null,
        null,
        14,
        null,
        4,
        null,
        null,
        null,
        null,
        1,
        3,
        3,
        5,
        null,
        null,
        null,
        3,
        0,
        null,
        null,
        1,
        8,
        9,
        9,
        null,
        null,
        1,
        12,
        null,
        1,
        null,
        1,
        4,
        null,
        null,
        1,
        null,
        null,
        1,
        4,
        null,
        null,
        1,
        15,
        null,
        null,
        1,
        23,
        null,
        null,
        1,
        4,
        null,
        null,
        1,
        0,
        0,
        0,
        0,
        0,
        0,
        null,
        0,
        0,
        null,
        null,
        null,
        0,
        null,
        null,
        null
      ],
      "/Users/jg16/projects/james/limber/app/models/concerns/labware_creators/support_parent/tube_only.rb": [
        null,
        null,
        1,
        null,
        null,
        1,
        1,
        1,
        1,
        22,
        null,
        null,
        null,
        1,
        4,
        null,
        null,
        null
      ],
      "/Users/jg16/projects/james/limber/app/models/labware_creators/multi_plate_pool.rb": [
        null,
        null,
        1,
        1,
        1,
        1,
        1,
        1,
        null,
        1,
        null,
        null,
        null,
        null,
        1,
        null,
        1,
        1,
        null,
        null,
        null,
        null,
        null,
        1,
        null,
        1,
        null,
        null,
        null,
        null,
        1,
        1,
        null,
        null,
        null,
        null,
        null,
        null,
        null,
        null,
        null,
        null,
        null,
        null,
        null,
        1,
        1,
        1,
        null,
        null,
        null,
        null,
        null,
        4,
        null,
        1,
        null,
        null,
        1,
        1,
        2,
        4,
        null,
        null,
        null,
        null,
        null
      ],
      "/Users/jg16/projects/james/limber/app/models/labware_creators/plate_with_primer_panel.rb": [
        null,
        null,
        1,
        1,
        null,
        1,
        null,
        null,
        null,
        null,
        null,
        1,
        1,
        1,
        1,
        null,
        null
      ],
      "/Users/jg16/projects/james/limber/app/models/labware_creators/stamped_plate.rb": [
        null,
        null,
        1,
        1,
        null,
        1,
        1,
        1,
        1,
        null,
        1,
        null,
        1,
        16,
        null,
        null,
        null,
        null,
        null,
        null,
        null,
        1,
        16,
        null,
        null,
        null
      ],
      "/Users/jg16/projects/james/limber/app/models/concerns/has_primer_panel.rb": [
        null,
        null,
        null,
        null,
        1,
        1,
        1,
        1,
        null,
        null,
        null,
        null,
        null,
        null,
        null,
        null,
        1,
        2,
        null,
        null,
        null,
        null,
        null,
        null,
        null,
        null,
        1,
        1,
        null,
        null,
        null,
        null,
        null,
        null,
        null,
        null,
        1,
        1,
        null,
        null,
        1,
        null,
        null,
        1,
        2,
        null,
        null
      ],
      "/Users/jg16/projects/james/limber/app/models/labware_creators/plate_with_template.rb": [
        null,
        null,
        1,
        1,
        null,
        1,
        1,
        1,
        null,
        null
      ],
      "/Users/jg16/projects/james/limber/app/models/labware_creators/pooled_tubes_by_submission.rb": [
        null,
        null,
        1,
        null,
        null,
        1,
        1,
        null,
        1,
        6,
        26,
        9,
        null,
        null,
        1,
        21,
        null,
        null,
        null
      ],
      "/Users/jg16/projects/james/limber/app/models/labware_creators/pooled_tubes_from_whole_plates.rb": [
        null,
        null,
        1,
        null,
        1,
        1,
        1,
        1,
        null,
        1,
        1,
        null,
        1,
        null,
        1,
        null,
        1,
        null,
        null,
        1,
        null,
        null,
        null,
        null,
        null,
        null,
        null,
        1,
        4,
        null,
        null,
        null,
        null,
        null,
        null,
        null,
        1,
        3,
        null,
        null,
        1,
        1,
        null,
        null,
        null,
        1,
        0,
        0,
        null,
        null,
        null,
        null,
        null,
        1,
        5,
        null,
        null,
        1,
        5,
        1,
        null,
        null,
        1,
        0,
        null,
        null,
        null
      ],
      "/Users/jg16/projects/james/limber/app/models/labware_creators/pooled_tubes_from_whole_tubes.rb": [
        null,
        null,
        1,
        null,
        1,
        1,
        null,
        1,
        1,
        1,
        null,
        1,
        1,
        null,
        1,
        null,
        1,
        null,
        1,
        null,
        null,
        2,
        null,
        null,
        null,
        null,
        null,
        2,
        null,
        null,
        2,
        null,
        null,
        null,
        null,
        null,
        1,
        6,
        null,
        null,
        null,
        1,
        2,
        2,
        null,
        null,
        null,
        null,
        null,
        1,
        4,
        null,
        null,
        1,
        6,
        2,
        null,
        null,
        1,
        null,
        1,
        2,
        4,
        null,
        null,
        null,
        1,
        2,
        null,
        null,
        null
      ],
      "/Users/jg16/projects/james/limber/app/models/labware_creators/tagged_plate.rb": [
        null,
        null,
        1,
        1,
        1,
        1,
        null,
        1,
        null,
        1,
        1,
        null,
        null,
        null,
        null,
        null,
        1,
        1,
        null,
        1,
        null,
        1,
        null,
        1,
        1,
        null,
        1,
        45,
        null,
        null,
        1,
        45,
        null,
        null,
        1,
        45,
        45,
        null,
        null,
        1,
        13,
        null,
        13,
        null,
        13,
        null,
        null,
        null,
        null,
        null,
        null,
        null,
        13,
        null,
        null,
        null,
        null,
        null,
        null,
        13,
        null,
        null,
        1,
        64,
        null,
        null,
        null,
        null,
        null,
        null,
        null,
        null,
        null,
        null,
        null,
        1,
        48,
        35,
        16,
        null,
        null,
        1,
        30,
        null,
        null,
        null,
        1,
        30,
        null,
        null,
        1,
        15,
        11,
        null,
        null,
        null,
        1,
        15,
        14,
        null,
        null,
        1,
        135,
        null,
        null,
        1,
        0,
        null,
        null,
        1,
        null,
        1,
        62,
        null,
        null,
        1,
        120,
        null,
        null,
        1,
        13,
        13,
        null,
        null,
        null,
        null,
        13,
        7,
        null,
        null,
        null,
        null,
        null,
        null,
        7,
        null,
        null,
        null,
        null,
        null,
        null,
        null,
        null,
        null
      ],
      "/Users/jg16/projects/james/limber/app/models/labware_creators/tube_from_tube.rb": [
        null,
        null,
        1,
        null,
        1,
        1,
        null,
        1,
        null,
        1,
        null,
        1,
        1,
        null,
        null,
        null,
        null,
        null,
        1,
        null,
        null,
        null,
        null,
        1,
        null,
        null,
        null,
        null,
        1,
        1,
        null,
        null,
        null
      ],
      "/Users/jg16/projects/james/limber/app/models/limber/plate.rb": [
        null,
        null,
        null,
        null,
        null,
        null,
        null,
        1,
        null,
        1,
        null,
        1,
        null,
        null,
        null,
        null,
        null,
        null,
        null,
        null,
        1,
        144,
        null,
        null,
        null,
        null,
        null,
        null,
        null,
        1,
        191,
        null,
        null,
        1,
        25,
        null,
        null,
        1,
        3,
        null,
        null,
        1,
        4,
        null,
        null,
        null,
        null,
        1,
        5,
        null,
        null,
        1,
        1,
        null,
        null,
        1,
        0,
        0,
        null,
        null,
        null,
        null,
        null,
        null,
        null,
        null,
        null,
        1,
        5,
        null,
        null,
        1,
        0,
        null,
        null,
        1,
        19,
        null,
        null,
        1,
        4,
        null,
        null,
        1,
        null,
        1,
        5,
        null,
        5,
        null,
        5,
        10,
        null,
        null,
        15,
        null,
        null,
        1,
        5,
        4,
        null,
        1,
        null,
        null,
        null,
        null,
        1,
        3,
        null,
        null,
        1,
        2,
        null,
        null,
        1,
        4,
        null,
        null,
        1,
        null,
        null,
        1,
        12,
        null,
        4,
        4,
        null,
        4,
        8,
        8,
        null,
        null,
        4,
        16,
        16,
        16,
        null,
        null,
        4,
        null,
        null,
        1,
        null,
        384,
        16,
        null,
        null
      ],
      "/Users/jg16/projects/james/limber/app/models/limber/tag_layout_template.rb": [
        null,
        null,
        1,
        null,
        null,
        1,
        37,
        37,
        null,
        0,
        0,
        null,
        37,
        null,
        null,
        null,
        null,
        1,
        3429,
        null,
        null,
        37,
        37,
        3552,
        3552,
        3552,
        3552,
        null,
        37,
        null,
        1,
        null,
        1,
        37,
        null,
        1,
        null
      ],
      "/Users/jg16/projects/james/limber/app/models/plate_metadata.rb": [
        null,
        null,
        1,
        1,
        null,
        1,
        1,
        null,
        1,
        null,
        1,
        11,
        null,
        null,
        1,
        9,
        3,
        null,
        6,
        null,
        null,
        null,
        1,
        4,
        1,
        1,
        null,
        3,
        null,
        null,
        null,
        1,
        null,
        1,
        6,
        null,
        1,
        null,
        null
      ],
      "/Users/jg16/projects/james/limber/app/models/presenters/tube_presenter.rb": [
        null,
        null,
        1,
        1,
        1,
        1,
        1,
        null,
        1,
        1,
        null,
        null,
        null,
        null,
        null,
        null,
        null,
        null,
        null,
        null,
        null,
        null,
        1,
        null,
        1,
        9,
        null,
        null,
        1,
        null,
        null,
        null,
        1,
        0,
        null,
        null,
        1,
        12,
        null,
        null,
        1,
        null,
        8,
        4,
        null,
        null,
        1,
        2,
        2,
        2,
        2,
        null,
        null,
        null
      ],
      "/Users/jg16/projects/james/limber/app/models/presenters/presenter.rb": [
        null,
        null,
        1,
        1,
        1,
        1,
        null,
        1,
        2,
        2,
        null,
        2,
        null,
        2,
        null,
        2,
        2,
        null,
        2,
        43,
        null,
        null,
        null,
        1,
        null,
        1,
        9,
        null,
        null,
        1,
        130,
        null,
        null,
        1,
        63,
        null,
        null,
        1,
        58,
        null,
        null,
        1,
        0,
        null,
        null,
        1,
        58,
        null,
        null,
        1,
        98,
        null,
        null,
        1,
        63,
        420,
        null,
        null,
        null,
        null,
        null,
        null,
        null,
        1,
        63,
        null,
        null,
        null,
        null,
        null,
        1,
        63,
        null,
        null,
        null,
        null,
        null,
        1,
        63,
        null,
        null,
        1,
        0,
        null,
        null,
        1,
        null,
        1,
        null,
        1,
        232,
        null,
        null,
        null
      ],
      "/Users/jg16/projects/james/limber/app/models/concerns/presenters/statemachine.rb": [
        null,
        null,
        1,
        null,
        1,
        1,
        4,
        4,
        4,
        4,
        null,
        null,
        4,
        4,
        null,
        null,
        4,
        4,
        null,
        null,
        null,
        null,
        null
      ],
      "/Users/jg16/projects/james/limber/app/models/concerns/presenters/statemachine/shared.rb": [
        null,
        null,
        1,
        null,
        1,
        1,
        null,
        1,
        null,
        6,
        6,
        null,
        null,
        null,
        null,
        null,
        null,
        1,
        null,
        null,
        null,
        1,
        505,
        null,
        null,
        null,
        null,
        1,
        58,
        115,
        30,
        30,
        null,
        null,
        null,
        1,
        61,
        null,
        null,
        1,
        0,
        null,
        null,
        1,
        2709,
        null,
        null,
        null
      ],
      "/Users/jg16/projects/james/limber/app/models/concerns/presenters/robot_controlled.rb": [
        null,
        null,
        1,
        1,
        1,
        4,
        null,
        null,
        1,
        116,
        null,
        null,
        1,
        null,
        1,
        199,
        null,
        null,
        1,
        null,
        143,
        82,
        null,
        null,
        1,
        0,
        null,
        null,
        null
      ],
      "/Users/jg16/projects/james/limber/app/models/presenters/final_tube_presenter.rb": [
        null,
        null,
        1,
        1,
        1,
        1,
        1,
        null,
        null,
        1,
        1,
        null,
        null,
        1,
        1,
        null,
        null,
        1,
        1,
        1,
        null,
        null,
        1,
        1,
        1,
        null,
        null,
        1,
        1,
        1,
        null,
        null,
        1,
        1,
        1,
        null,
        null,
        1,
        1,
        1,
        null,
        null,
        1,
        1,
        1,
        null,
        null,
        1,
        1,
        null,
        null,
        null,
        null
      ],
      "/Users/jg16/projects/james/limber/app/models/concerns/presenters/statemachine/state_does_not_allow_child_creation.rb": [
        null,
        null,
        1,
        null,
        1,
        1,
        null,
        null,
        null,
        1,
        null,
        1,
        null,
        1,
        null,
        null
      ],
      "/Users/jg16/projects/james/limber/app/models/concerns/presenters/statemachine/does_not_allow_library_passing.rb": [
        null,
        null,
        null,
        1,
        1,
        1,
        26,
        null,
        null,
        1,
        33,
        null,
        null,
        null
      ],
      "/Users/jg16/projects/james/limber/app/models/concerns/presenters/statemachine/tube_allows_library_passing.rb": [
        null,
        null,
        null,
        1,
        null,
        null,
        null,
        1,
        1,
        0,
        null,
        null,
        1,
        2,
        null,
        null,
        null
      ],
      "/Users/jg16/projects/james/limber/app/models/presenters/plate_presenter.rb": [
        null,
        null,
        1,
        null,
        null,
        1,
        1,
        1,
        1,
        1,
        null,
        1,
        null,
        1,
        1,
        1,
        null,
        null,
        1,
        null,
        null,
        null,
        null,
        null,
        null,
        null,
        null,
        1,
        null,
        null,
        1,
        null,
        1,
        3,
        null,
        null,
        null,
        1,
        null,
        1,
        null,
        1,
        null,
        null,
        null,
        null,
        1,
        null,
        1,
        43,
        null,
        null,
        1,
        57,
        null,
        null,
        1,
        64,
        null,
        null,
        1,
        54,
        54,
        null,
        null,
        1,
        3,
        null,
        null,
        1,
        98,
        null,
        null,
        1,
        74,
        null,
        null,
        1,
        0,
        0,
        null,
        null,
        1,
        42,
        null,
        null,
        42,
        42,
        null,
        null,
        1,
        2,
        null,
        null,
        1,
        null,
        0,
        0,
        null,
        0,
        null,
        null,
        1,
        3183,
        null,
        null,
        1,
        null,
        1,
        3049,
        null,
        null,
        1,
        124,
        null,
        null,
        1,
        164,
        null,
        null,
        null,
        null,
        1,
        0,
        0,
        null,
        null,
        1,
        11,
        220,
        48,
        null,
        null,
        null,
        null
      ],
      "/Users/jg16/projects/james/limber/app/models/concerns/presenters/extended_csv.rb": [
        null,
        null,
        1,
        1,
        1,
        1,
        1,
        null,
        null,
        null,
        1,
        0,
        0,
        0,
        0,
        0,
        null,
        0,
        0,
        null,
        null,
        0,
        null,
        null,
        null,
        null,
        null,
        1,
        null,
        1,
        0,
        0,
        0,
        0,
        null,
        null,
        1,
        0,
        0,
        0,
        0,
        0,
        0,
        0,
        null,
        null,
        null,
        null,
        null,
        null,
        null,
        0,
        null,
        null,
        null
      ],
      "/Users/jg16/projects/james/limber/app/models/validators/in_progress_validator.rb": [
        null,
        null,
        1,
        1,
        1,
        61,
        3,
        null,
        null,
        null
      ],
      "/Users/jg16/projects/james/limber/app/models/presenters/minimal_pcr_plate_presenter.rb": [
        null,
        null,
        1,
        1,
        1,
        1,
        1,
        null,
        null,
        null,
        1,
        null,
        null,
        null,
        null,
        null,
        null,
        null,
        null,
        null,
        null,
        null
      ],
      "/Users/jg16/projects/james/limber/app/models/presenters/minimal_plate_presenter.rb": [
        null,
        null,
        1,
        1,
        1,
        1,
        1,
        null,
        1,
        9,
        null,
        null,
        1,
        7,
        null,
        null,
        null,
        null,
        null,
        null,
        null,
        1,
        2,
        null,
        null,
        null,
        1,
        null,
        null
      ],
      "/Users/jg16/projects/james/limber/app/models/concerns/presenters/statemachine/standard.rb": [
        null,
        null,
        1,
        1,
        1,
        1,
        1,
        3,
        null,
        null,
        3,
        3,
        null,
        null,
        3,
        3,
        3,
        null,
        null,
        3,
        3,
        3,
        null,
        null,
        3,
        3,
        3,
        null,
        null,
        3,
        3,
        3,
        null,
        null,
        3,
        3,
        3,
        null,
        null,
        3,
        3,
        3,
        null,
        null,
        3,
        3,
        3,
        null,
        null,
        3,
        3,
        3,
        null,
        null,
        3,
        3,
        3,
        null,
        null,
        null,
        null,
        null
      ],
      "/Users/jg16/projects/james/limber/app/models/concerns/presenters/statemachine/state_allows_child_creation.rb": [
        null,
        null,
        1,
        null,
        1,
        1,
        60,
        null,
        null,
        null,
        1,
        null,
        31,
        null,
        null,
        1,
        31,
        null,
        116,
        null,
        26,
        null,
        null,
        null,
        1,
        26,
        91,
        89,
        null,
        null,
        null,
        1,
        30,
        21,
        12,
        null,
        null,
        null,
        null,
        1,
        56,
        222,
        null,
        null,
        null,
        null
      ],
      "/Users/jg16/projects/james/limber/app/models/concerns/presenters/statemachine/allows_library_passing.rb": [
        null,
        null,
        null,
        1,
        1,
        1,
        27,
        null,
        null,
        1,
        25,
        null,
        null,
        null
      ],
      "/Users/jg16/projects/james/limber/app/models/presenters/permissive_presenter.rb": [
        null,
        null,
        1,
        null,
        null,
        null,
        null,
        1,
        1,
        null,
        1,
        null,
        null
      ],
      "/Users/jg16/projects/james/limber/app/models/concerns/presenters/statemachine/permissive.rb": [
        null,
        null,
        1,
        1,
        1,
        1,
        1,
        1,
        null,
        null,
        1,
        1,
        null,
        null,
        1,
        1,
        1,
        null,
        null,
        1,
        1,
        1,
        null,
        null,
        1,
        1,
        1,
        null,
        null,
        1,
        1,
        1,
        null,
        null,
        1,
        1,
        1,
        null,
        null,
        1,
        1,
        1,
        null,
        null,
        1,
        1,
        1,
        null,
        null,
        1,
        1,
        1,
        null,
        null,
        null,
        null,
        null
      ],
      "/Users/jg16/projects/james/limber/app/models/validators/suboptimal_validator.rb": [
        null,
        null,
        1,
        1,
        1,
        42,
        2,
        null,
        null,
        null
      ],
      "/Users/jg16/projects/james/limber/app/models/presenters/simple_tube_presenter.rb": [
        null,
        null,
        1,
        1,
        1,
        1,
        1,
        null,
        null,
        1,
        1,
        null,
        null,
        1,
        1,
        null,
        null,
        1,
        1,
        null,
        null,
        1,
        1,
        null,
        null,
        1,
        1,
        1,
        null,
        null,
        1,
        1,
        1,
        null,
        null,
        1,
        1,
        1,
        null,
        null,
        1,
        1,
        1,
        null,
        null,
        null,
        1,
        0,
        null,
        null,
        null
      ],
      "/Users/jg16/projects/james/limber/app/models/presenters/standard_presenter.rb": [
        null,
        null,
        1,
        1,
        1,
        null,
        1,
        null,
        null
      ],
      "/Users/jg16/projects/james/limber/app/models/presenters/stock_plate_presenter.rb": [
        null,
        null,
        1,
        1,
        1,
        null,
        1,
        null,
        1,
        1,
        null,
        1,
        0,
        null,
        null,
        1,
        null,
        null,
        null,
        1,
        null,
        null,
        null,
        null
      ],
      "/Users/jg16/projects/james/limber/app/models/validators/stock_state_validator.rb": [
        null,
        null,
        1,
        null,
        null,
        null,
        1,
        1,
        1,
        null,
        1,
        0,
        0,
        0,
        null,
        null,
        1,
        0,
        null,
        null,
        1,
        0,
        null,
        null,
        1,
        0,
        null,
        null,
        1,
        0,
        null,
        null,
        1,
        0,
        null,
        null,
        1,
        0,
        null,
        null,
        1,
        0,
        null,
        null,
        1,
        0,
        null,
        null,
        1,
        null,
        1,
        0,
        0,
        0,
        0,
        null,
        null,
        null,
        null,
        1,
        0,
        0,
        0,
        0,
        0,
        null,
        0,
        null,
        null,
        null,
        null,
        null,
        1,
        0,
        0,
        0,
        0,
        0,
        null,
        0,
        0,
        0,
        null,
        null,
        null,
        null
      ],
      "/Users/jg16/projects/james/limber/app/models/presenters/unknown_plate_presenter.rb": [
        null,
        null,
        1,
        1,
        1,
        1,
        1,
        null,
        1,
        null,
        1,
        1,
        null,
        null,
        1,
        0,
        null,
        null,
        1,
        2,
        null,
        null,
        null,
        null,
        1,
        0,
        null,
        null,
        1,
        null,
        null,
        null,
        1,
        null,
        null,
        null,
        null
      ],
      "/Users/jg16/projects/james/limber/app/models/print_job.rb": [
        null,
        null,
        1,
        1,
        null,
        1,
        1,
        null,
        1,
        null,
        1,
        3,
        3,
        3,
        null,
        null,
        null,
        null,
        3,
        3,
        null,
        0,
        0,
        null,
        0,
        0,
        0,
        null,
        null,
        null,
        1,
        61,
        null,
        null,
        1,
        null,
        1,
        null,
        3,
        null,
        0,
        null,
        null,
        1,
        3,
        null,
        null
      ],
      "/Users/jg16/projects/james/limber/app/models/robots.rb": [
        null,
        null,
        1,
        1,
        20,
        20,
        20,
        20,
        null,
        null,
        1,
        102,
        168,
        null,
        null,
        null
      ],
      "/Users/jg16/projects/james/limber/app/models/robots/robot.rb": [
        null,
        null,
        1,
        1,
        1,
        null,
        1,
        1,
        null,
        1,
        3,
        5,
        5,
        null,
        3,
        null,
        null,
        1,
        20,
        null,
        null,
        1,
        1,
        1,
        null,
        null,
        1,
        3,
        3,
        null,
        null,
        1,
        12,
        null,
        null,
        1,
        12,
        null,
        null,
        1,
        16,
        null,
        12,
        6,
        2,
        2,
        4,
        2,
        2,
        null,
        null,
        null,
        12,
        null,
        null,
        1,
        null,
        1,
        12,
        16,
        16,
        null,
        null,
        null,
        1,
        12,
        6,
        1,
        1,
        null,
        0,
        null,
        1,
        null,
        null,
        null,
        1,
        23,
        20,
        31,
        null,
        20,
        null,
        null,
        1,
        31,
        null,
        null,
        1,
        12,
        18,
        6,
        6,
        null,
        null,
        null,
        null
      ],
      "/Users/jg16/projects/james/limber/app/models/sequencescape_submission.rb": [
        null,
        null,
        null,
        null,
        null,
        null,
        null,
        null,
        1,
        1,
        null,
        null,
        null,
        1,
        null,
        null,
        1,
        null,
        null,
        1,
        null,
        null,
        1,
        null,
        null,
        1,
        null,
        1,
        null,
        null,
        null,
        null,
        null,
        null,
        1,
        2,
        2,
        null,
        null,
        1,
        null,
        1,
        2,
        null,
        null,
        null,
        null,
        null,
        2,
        null,
        null,
        null,
        null,
        2,
        2,
        null,
        0,
        0,
        null,
        0,
        0,
        null,
        null,
        1,
        2,
        null,
        null
      ],
      "/Users/jg16/projects/james/limber/app/models/state_changers.rb": [
        null,
        null,
        1,
        1,
        null,
        1,
        1,
        1,
        1,
        null,
        1,
        null,
        1,
        7,
        7,
        7,
        null,
        null,
        1,
        7,
        null,
        null,
        null,
        null,
        null,
        null,
        null,
        7,
        null,
        null,
        1,
        7,
        194,
        null,
        null,
        1,
        2,
        null,
        null,
        null,
        1,
        4,
        4,
        null,
        null
      ],
      "/Users/jg16/projects/james/limber/app/sequencescape/sequencescape/api/v2.rb": [
        null,
        null,
        null,
        1,
        null
      ],
      "/Users/jg16/projects/james/limber/app/sequencescape/sequencescape/api/v2/plate.rb": [
        null,
        null,
        1,
        1,
        1,
        1,
        1,
        1,
        1,
        1,
        null,
        1,
        1,
        1,
        null,
        null,
        null,
        null,
        null,
        null,
        null,
        1,
        3,
        null,
        null,
        null,
        1,
        100,
        null,
        null,
        1,
        3,
        null,
        null,
        1,
        54,
        null,
        null,
        1,
        121,
        null,
        null,
        1,
        6,
        null,
        null,
        1,
        43,
        null,
        null,
        1,
        1,
        null,
        null,
        1,
        61,
        null,
        null,
        1,
        9687,
        null,
        null,
        1,
        66,
        null,
        null,
        1,
        258,
        null,
        null,
        1,
        106,
        10,
        null,
        96,
        null,
        null,
        null,
        1,
        106,
        null,
        null,
        1,
        98,
        null,
        null,
        1,
        164,
        null,
        null,
        1,
        227,
        null,
        null,
        1,
        1,
        null,
        null,
        1,
        1,
        null,
        null,
        null,
        1,
        148,
        null,
        null,
        1,
        53,
        null,
        null,
        1,
        50,
        null,
        null,
        1,
        0,
        null,
        null,
        1,
        0,
        null,
        null
      ],
      "/Users/jg16/projects/james/limber/app/sequencescape/sequencescape/api/v2/base.rb": [
        null,
        null,
        1,
        null,
        1,
        null
      ],
      "/Users/jg16/projects/james/limber/Rakefile": [
        null,
        null,
        null,
        null,
        null,
        1,
        1,
        null,
        1
      ],
      "/Users/jg16/projects/james/limber/lib/tasks/config.rake": [
        null,
        null,
        1,
        null,
        null,
        1,
        1,
        null,
        1,
        null,
        1,
        0,
        0,
        null,
        0,
        0,
        null,
        0,
        0,
        null,
        0,
        0,
        0,
        0,
        null,
        null,
        null,
        null,
        null,
        0,
        0,
        0,
        null,
        null,
        0,
        0,
        0,
        null,
        null,
        null,
        0,
        0,
        null,
        0,
        0,
        0,
        0,
        null,
        null,
        null,
        0,
        0,
        0,
        0,
        null,
        null,
        null,
        0,
        0,
        0,
        0,
        0,
        0,
        null,
        null,
        0,
        0,
        0,
        0,
        null,
        null,
        null,
        0,
        0,
        null,
        null,
        0,
        null,
        0,
        0,
        null,
        null,
        null,
        null,
        0,
        0,
        null,
        null,
        null,
        null,
        1,
        null
      ],
      "/Users/jg16/projects/james/limber/lib/purpose_config.rb": [
        null,
        null,
        null,
        null,
        null,
        null,
        1,
        1,
        1,
        null,
        1,
        null,
        1,
        0,
        0,
        0,
        0,
        null,
        null,
        null,
        1,
        0,
        0,
        0,
        0,
        0,
        0,
        0,
        0,
        0,
        0,
        null,
        null,
        1,
        null,
        null,
        null,
        null,
        null,
        null,
        null,
        null,
        null,
        null,
        0,
        null,
        null,
        1,
        0,
        null,
        null,
        1,
        1,
        1,
        1,
        1,
        1,
        null,
        null,
        1,
        0,
        0,
        null,
        null,
        null,
        null,
        null,
        null,
        null,
        1,
        1,
        1,
        1,
        1,
        1,
        null,
        null,
        1,
        0,
        0,
        null,
        null,
        null,
        null,
        null,
        null,
        null,
        null,
        null,
        1,
        null,
        1,
        0,
        null,
        null,
        null,
        0,
        null,
        null,
        1,
        0,
        null,
        null,
        1,
        0,
        null,
        null,
        1,
        0,
        null,
        null,
        1,
        0,
        null,
        null,
        null,
        null
      ],
      "/Users/jg16/projects/james/limber/lib/robot_configuration.rb": [
        null,
        null,
        null,
        1,
        1,
        null,
        1,
        1,
        184,
        184,
        184,
        null,
        null,
        1,
        38,
        38,
        38,
        38,
        null,
        null,
        null,
        1,
        1,
        1,
        1,
        1,
        1,
        null,
        null,
        1,
        35,
        null,
        null,
        1,
        22,
        null,
        null,
        1,
        27,
        27,
        27,
        null,
        null,
        1,
        1,
        null,
        null,
        1,
        1,
        null,
        null,
        null,
        1,
        1,
        1,
        null,
        1,
        27,
        27,
        27,
        27,
        27,
        null,
        null,
        1,
        27,
        27,
        27,
        null,
        null,
        1,
        27,
        null,
        null,
        1,
        54,
        null,
        null,
        1,
        27,
        27,
        27,
        null,
        null,
        1,
        27,
        null,
        null,
        1,
        27,
        null,
        null,
        1,
        27,
        null,
        null,
        1,
        27,
        null,
        null,
        1,
        null,
        null,
        null,
        null,
        null,
        null,
        null,
        null,
        27,
        null,
        null,
        null
      ],
      "/Users/jg16/projects/james/limber/lib/tasks/register_label_templates.rake": [
        null,
        null,
        1,
        1,
        null,
        null,
        null,
        null,
        null,
        null,
        null,
        null,
        null,
        null,
        null,
        null,
        null,
        null,
        null,
        null,
        null,
        null,
        null,
        null,
        null,
        null,
        null,
        null,
        null,
        null,
        null,
        null,
        null,
        null,
        null,
        null,
        null,
        null,
        null,
        null,
        null,
        null,
        null,
        null,
        null,
        null,
        null,
        null,
        null,
        null,
        null,
        null,
        null,
        null,
        null,
        null,
        null,
        null,
        null,
        null,
        null,
        null,
        null,
        null,
        null,
        null,
        null,
        null,
        null,
        null,
        null,
        null,
        null,
        null,
        null,
        null,
        null,
        null,
        null,
        null,
        null,
        null,
        null,
        null,
        null,
        null,
        null,
        null,
        null,
        null,
        null,
        null,
        null,
        null,
        null,
        null,
        null,
        null,
        null,
        null,
        null,
        null,
        null,
        null,
        null,
        null,
        null,
        null,
        null,
        null,
        null,
        null,
        null,
        null,
        null,
        null,
        null,
        null,
        null,
        null,
        null,
        null,
        null,
        null,
        null,
        null,
        null,
        0,
        0,
        0,
        0,
        0,
        0,
        0,
        null,
        0,
        null,
        null,
        null,
        null
      ],
      "/Users/jg16/projects/james/limber/lib/tasks/test_config.rake": [
        null,
        null,
        1,
        1,
        0,
        null,
        null,
        null,
        null,
        null,
        null,
        null,
        null,
        null,
        0,
        null,
        null
      ],
      "/Users/jg16/projects/james/limber/lib/tasks/test_factories_lint.rake": [
        null,
        null,
        1,
        1,
        1,
        1,
        0,
        0,
        0,
        null,
        null,
        null
      ],
      "/Users/jg16/projects/james/limber/app/sequencescape/sequencescape/api/v2/purpose.rb": [
        null,
        null,
        1,
        null
      ],
      "/Users/jg16/projects/james/limber/app/models/limber/plate_purpose.rb": [
        null,
        null,
        1,
        1,
        0,
        null,
        null
      ],
      "/Users/jg16/projects/james/limber/app/sequencescape/sequencescape/api/v2/qc_result.rb": [
        null,
        null,
        1,
        1,
        null
      ],
      "/Users/jg16/projects/james/limber/app/models/limber/qcable.rb": [
        null,
        null,
        1,
        null,
        null
      ],
      "/Users/jg16/projects/james/limber/app/sequencescape/sequencescape/api/v2/request.rb": [
        null,
        null,
        1,
        1,
        1,
        1,
        1,
        null,
        1,
        null,
        1,
        693,
        null,
        null,
        1,
        2764,
        null,
        null
      ],
      "/Users/jg16/projects/james/limber/app/sequencescape/sequencescape/api/v2/primer_panel.rb": [
        null,
        null,
        1,
        null
      ],
      "/Users/jg16/projects/james/limber/app/sequencescape/sequencescape/api/v2/request_type.rb": [
        null,
        null,
        1,
        null
      ],
      "/Users/jg16/projects/james/limber/app/models/limber/multiplexed_library_tube.rb": [
        null,
        null,
        1,
        1,
        0,
        null,
        null,
        1,
        null,
        1,
        8,
        null,
        null,
        1,
        4,
        null,
        null,
        null,
        null,
        null,
        null,
        null,
        null,
        null,
        1,
        2,
        null,
        null,
        null,
        1,
        0,
        null,
        null
      ],
      "/Users/jg16/projects/james/limber/app/models/limber/tube.rb": [
        null,
        null,
        null,
        null,
        1,
        1,
        null,
        null,
        1,
        2,
        null,
        null,
        1,
        12,
        null,
        null,
        1,
        5,
        null,
        null
      ],
      "/Users/jg16/projects/james/limber/app/sequencescape/sequencescape/api/v2/well.rb": [
        null,
        null,
        1,
        1,
        1,
        1,
        1,
        1,
        null,
        1,
        2,
        0,
        2,
        null,
        null,
        1,
        22722,
        null,
        null,
        1,
        26014,
        null,
        null,
        1,
        3875,
        null,
        null,
        1,
        2,
        null,
        null,
        1,
        22722,
        null,
        null,
        1,
        0,
        null,
        null,
        1,
        0,
        null,
        null,
        1,
        5818,
        null,
        null,
        1,
        0,
        null,
        null,
        1,
        1704,
        null,
        null,
        1,
        3586,
        null,
        null
      ],
      "/Users/jg16/projects/james/limber/app/sequencescape/sequencescape/api/v2/aliquot.rb": [
        null,
        null,
        1,
        1,
        1,
        null,
        1,
        3875,
        null,
        null
      ],
      "/Users/jg16/projects/james/limber/app/models/limber/qc_file.rb": [
        null,
        null,
        1,
        null,
        null,
        1,
        3,
        null,
        null
      ],
      "/Users/jg16/projects/james/limber/app/models/limber/well.rb": [
        null,
        null,
        1,
        1,
        1440,
        null,
        null
      ],
      "/Users/jg16/projects/james/limber/app/models/limber/tube_transfer.rb": [
        null,
        null,
        null,
        null,
        null,
        1,
        1,
        1,
        null,
        1,
        null,
        null,
        4,
        null,
        null,
        2,
        null,
        null
      ],
      "/Users/jg16/projects/james/limber/app/models/limber/user.rb": [
        null,
        null,
        1,
        1,
        49,
        49,
        null,
        0,
        98,
        null,
        null
      ],
      "/Users/jg16/projects/james/limber/app/models/limber/barcoded_asset.rb": [
        null,
        null,
        null,
        null,
        null,
        1,
        null,
        1,
        0,
        null,
        null,
        1,
        1,
        null,
        1,
        1,
        null,
        1,
        null,
        1,
        null
      ],
      "/Users/jg16/projects/james/limber/app/models/limber/plate/pools.rb": [
        null,
        null,
        null,
        null,
        null,
        null,
        null,
        null,
        null,
        1,
        null,
        null,
        1,
        null,
        1,
        null,
        null,
        null,
        1,
        null,
        1,
        null,
        null,
        null,
        null,
        null,
        1,
        16,
        16,
        16,
        43,
        16,
        null,
        null,
        1,
        0,
        null,
        null,
        null,
        null,
        null,
        null,
        1,
        6,
        null,
        null,
        null,
        null,
        1,
        8,
        null,
        null
      ],
      "/Users/jg16/projects/james/limber/app/models/limber/plate/pool.rb": [
        null,
        null,
        null,
        null,
        null,
        null,
        null,
        null,
        1,
        null,
        1,
        null,
        null,
        null,
        null,
        null,
        null,
        1,
        30,
        30,
        30,
        null,
        null,
        1,
        0,
        null,
        null,
        1,
        3,
        null,
        null,
        1,
        3,
        3,
        null,
        null,
        1,
        6,
        null,
        null,
        null,
        null,
        1,
        11,
        null,
        null
      ],
      "/Users/jg16/projects/james/limber/app/sequencescape/sequencescape/api/v2/asset.rb": [
        null,
        null,
        null,
        null,
        1,
        1,
        1,
        1,
        null
      ],
      "/Users/jg16/projects/james/limber/app/models/labels/plate_double_label.rb": [
        null,
        null,
        1,
        1,
        null,
        null,
        null,
        null,
        1,
        null,
        null,
        1,
        null,
        null,
        null,
        1,
        null,
        null,
        1,
        0,
        null,
        null,
        1,
        0,
        null,
        null
      ],
      "/Users/jg16/projects/james/limber/app/models/labels/base.rb": [
        null,
        null,
        1,
        1,
        null,
        1,
        65,
        null,
        null,
        1,
        58,
        null,
        null,
        1,
        62,
        null,
        null,
        1,
        58,
        58,
        null,
        null,
        1,
        58,
        58,
        null,
        null,
        1,
        null,
        1,
        0,
        null,
        null,
        1,
        0,
        null,
        null
      ],
      "/Users/jg16/projects/james/limber/app/models/labels/plate_label.rb": [
        null,
        null,
        1,
        1,
        null,
        null,
        null,
        null,
        null,
        null,
        52,
        null,
        null,
        1,
        0,
        null,
        null,
        1,
        0,
        null,
        null
      ],
      "/Users/jg16/projects/james/limber/app/controllers/sessions_controller.rb": [
        null,
        null,
        1,
        null,
        1,
        1,
        49,
        49,
        null,
        0,
        null,
        null,
        1,
        0,
        0,
        0,
        null,
        null,
        1,
        null,
        1,
        49,
        49,
        49,
        null,
        null,
        49,
        null,
        null,
        1,
        49,
        49,
        null,
        0,
        null,
        null
      ],
      "/Users/jg16/projects/james/limber/app/controllers/plate_creation_controller.rb": [
        null,
        null,
        1,
        1,
        9,
        null,
        null,
        1,
        9,
        9,
        9,
        18,
        null,
        null,
        null,
        1,
        16,
        null,
        null
      ],
      "/Users/jg16/projects/james/limber/app/models/labware_creators/tagging/tag_collection.rb": [
        null,
        null,
        1,
        1,
        null,
        null,
        null,
        null,
        null,
        null,
        null,
        1,
        19,
        19,
        19,
        null,
        null,
        null,
        null,
        null,
        null,
        null,
        null,
        null,
        1,
        null,
        32,
        32,
        null,
        null,
        null,
        null,
        null,
        null,
        16,
        null,
        null,
        1,
        78,
        null,
        26,
        75,
        null,
        null,
        1,
        46,
        null,
        null,
        1,
        null,
        null,
        null,
        null,
        null,
        null,
        null,
        null,
        1,
        48,
        null,
        null,
        null,
        null,
        null,
        null,
        null,
        null,
        null,
        null,
        1,
        null,
        32,
        null,
        null,
        1,
        32,
        3104,
        null,
        null,
        1,
        16,
        null,
        null,
        null
      ],
      "/Users/jg16/projects/james/limber/app/models/limber/tag_layout_template/in_rows.rb": [
        null,
        null,
        1,
        1,
        17,
        17,
        1632,
        null,
        null,
        null,
        null
      ],
      "/Users/jg16/projects/james/limber/app/models/limber/tag_layout_template/walk_wells_of_plate.rb": [
        null,
        null,
        1,
        1,
        35,
        35,
        35,
        3395,
        null,
        35,
        3360,
        3360,
        null,
        null,
        35,
        null,
        null
      ],
      "/Users/jg16/projects/james/limber/app/models/labware_creators/tagging/tag2_collection.rb": [
        null,
        null,
        1,
        null,
        null,
        1,
        null,
        null,
        null,
        null,
        null,
        null,
        1,
        33,
        33,
        null,
        null,
        null,
        null,
        null,
        null,
        null,
        null,
        1,
        null,
        32,
        null,
        null,
        null,
        null,
        16,
        null,
        null,
        1,
        146,
        null,
        35,
        140,
        null,
        null,
        null,
        null,
        null,
        null,
        1,
        94,
        null,
        null,
        null,
        null,
        null,
        null,
        1,
        10,
        null,
        null,
        1,
        null,
        1,
        26,
        null,
        null,
        1,
        null,
        20,
        10,
        null,
        null,
        null
      ],
      "/Users/jg16/projects/james/limber/app/controllers/tag_plates_controller.rb": [
        null,
        null,
        1,
        1,
        19,
        19,
        38,
        null,
        null,
        null
      ],
      "/Users/jg16/projects/james/limber/app/models/presenters/qcable_presenter.rb": [
        null,
        null,
        1,
        null,
        1,
        1,
        19,
        19,
        19,
        19,
        19,
        19,
        19,
        19,
        null,
        null,
        null
      ],
      "/Users/jg16/projects/james/limber/app/models/limber/tag_layout_template/in_columns.rb": [
        null,
        null,
        1,
        1,
        18,
        18,
        1728,
        null,
        null,
        null,
        1,
        null
      ],
      "/Users/jg16/projects/james/limber/app/models/robots/robot/bed.rb": [
        null,
        null,
        1,
        1,
        1,
        null,
        1,
        null,
        1,
        null,
        1,
        1,
        null,
        1,
        31,
        31,
        null,
        null,
        1,
        9,
        null,
        null,
        1,
        5,
        3,
        null,
        null,
        1,
        2,
        2,
        null,
        1,
        null,
        1,
        4,
        null,
        null,
        1,
        20,
        0,
        20,
        4,
        16,
        0,
        16,
        0,
        null,
        16,
        null,
        null,
        null,
        1,
        18,
        18,
        0,
        null,
        18,
        18,
        18,
        2,
        2,
        null,
        null,
        null,
        null,
        1,
        6,
        4,
        4,
        0,
        0,
        0,
        null,
        null,
        null,
        1,
        null,
        1,
        2,
        null,
        null,
        null
      ],
      "/Users/jg16/projects/james/limber/app/models/labels/tube_label.rb": [
        null,
        null,
        1,
        1,
        null,
        null,
        null,
        null,
        null,
        null,
        null,
        null,
        null,
        9,
        null,
        null,
        1,
        0,
        null,
        null,
        1,
        0,
        null,
        null,
        1,
        null,
        1,
        9,
        null,
        null,
        1,
        9,
        null,
        null
      ],
      "/Users/jg16/projects/james/limber/app/models/sibling.rb": [
        null,
        null,
        null,
        null,
        null,
        1,
        null,
        1,
        null,
        1,
        null,
        1,
        12,
        12,
        12,
        12,
        12,
        null,
        0,
        null,
        null,
        null,
        1,
        4,
        0,
        0,
        null,
        null,
        1,
        10,
        null,
        null,
        1,
        null,
        1,
        0,
        0,
        null,
        null
      ],
      "/Users/jg16/projects/james/limber/app/models/robots/report.rb": [
        null,
        null,
        1,
        null,
        1,
        1,
        null,
        null
      ],
      "/Users/jg16/projects/james/limber/app/models/limber/stock_library_tube.rb": [
        null,
        null,
        1,
        null
      ],
      "/Users/jg16/projects/james/limber/app/models/ongoing_tube.rb": [
        null,
        null,
        null,
        1,
        1,
        null,
        1,
        null,
        null,
        null,
        null,
        null,
        5,
        null,
        null,
        1,
        null,
        8,
        2,
        null,
        null
      ],
      "/Users/jg16/projects/james/limber/app/models/asset_search_form.rb": [
        null,
        null,
        null,
        1,
        1,
        1,
        null,
        1,
        null,
        1,
        1,
        null,
        1,
        null,
        1,
        3,
        null,
        null,
        1,
        9,
        null,
        null,
        1,
        21,
        null,
        null,
        1,
        9,
        null,
        null,
        1,
        3,
        null,
        null,
        1,
        3,
        0,
        0,
        null,
        null,
        null,
        1,
        0,
        0,
        0,
        null,
        null
      ],
      "/Users/jg16/projects/james/limber/app/models/ongoing_plate.rb": [
        null,
        null,
        null,
        1,
        1,
        null,
        1,
        null,
        null,
        null,
        null,
        null,
        null,
        4,
        null,
        null,
        1,
        null,
        12,
        3,
        null,
        null
      ],
      "/Users/jg16/projects/james/limber/app/models/limber/plate/primer_panel.rb": [
        null,
        null,
        null,
        null,
        null,
        null,
        null,
        null,
        null,
        null,
        null,
        1,
        1,
        1,
        null,
        null,
        null,
        null,
        null,
        null,
        null,
        1,
        6,
        6,
        6,
        6,
        null,
        null,
        1,
        3,
        null,
        null,
        1,
        1,
        null,
        null,
        1,
        1,
        null,
        null,
        1,
        null,
        1,
        2,
        null,
        null
      ],
      "/Users/jg16/projects/james/limber/app/models/limber/tag_layout_template/in_column_then_rows.rb": [
        null,
        null,
        1,
        null,
        null,
        1,
        2,
        2,
        192,
        null,
        null,
        null,
        1,
        null,
        null,
        null,
        1,
        191,
        191,
        191,
        null,
        null
      ],
      "/Users/jg16/projects/james/limber/app/models/limber/tag_layout_template/walk_quadrants.rb": [
        null,
        null,
        1,
        1,
        2,
        2,
        194,
        2,
        192,
        191,
        191,
        191,
        191,
        null,
        null,
        null
      ],
      "/Users/jg16/projects/james/limber/app/models/labware_creators/custom_pooled_tubes/csv_file/header.rb": [
        null,
        null,
        1,
        1,
        null,
        null,
        null,
        null,
        1,
        1,
        null,
        null,
        1,
        null,
        1,
        1,
        1,
        null,
        9,
        9,
        9,
        null,
        null,
        null,
        null,
        null,
        1,
        11,
        11,
        11,
        11,
        null,
        null,
        null,
        null,
        null,
        null,
        null,
        1,
        24,
        null,
        null,
        1,
        null,
        null,
        null,
        null,
        null,
        null,
        null,
        null,
        null,
        1,
        33,
        57,
        null,
        null,
        null,
        null
      ],
      "/Users/jg16/projects/james/limber/app/models/labware_creators/custom_pooled_tubes/csv_file/row.rb": [
        null,
        null,
        1,
        1,
        null,
        null,
        null,
        null,
        1,
        1,
        null,
        1,
        null,
        1,
        null,
        0,
        null,
        null,
        null,
        1,
        null,
        2,
        null,
        null,
        null,
        4,
        null,
        null,
        null,
        1,
        null,
        1,
        null,
        1,
        128,
        128,
        128,
        128,
        null,
        null,
        128,
        null,
        null,
        1,
        6,
        6,
        null,
        0,
        null,
        null,
        null,
        1,
        528,
        null,
        null,
        null
      ],
      "/Users/jg16/projects/james/limber/app/models/robots/robot/invalid_bed.rb": [
        null,
        null,
        1,
        1,
        1,
        3,
        null,
        null,
        1,
        null,
        1,
        1,
        0,
        null,
        1,
        null,
        null,
        null,
        1,
        1,
        null,
        null,
        1,
        null,
        1,
        1,
        null,
        null,
        null
      ],
      "/Users/jg16/projects/james/limber/app/models/limber/tag_layout_template/in_inverse_columns.rb": [
        null,
        null,
        0,
        0,
        0,
        0,
        0,
        0,
        0,
        0,
        0,
        0
      ],
      "/Users/jg16/projects/james/limber/app/models/limber/tag_layout_template/in_inverse_rows.rb": [
        null,
        null,
        0,
        0,
        0,
        0,
        0,
        0,
        0,
        0,
        0
      ],
      "/Users/jg16/projects/james/limber/app/models/limber/tag_layout_template/unsupported.rb": [
        null,
        null,
        0,
        0,
        null,
        null,
        null,
        0,
        0,
        0
      ],
      "/Users/jg16/projects/james/limber/app/models/limber/tag_layout_template/walk_wells_in_pools.rb": [
        null,
        null,
        0,
        0,
        null,
        null,
        null,
        null,
        null,
        null,
        null,
        0,
        0,
        0
      ],
      "/Users/jg16/projects/james/limber/app/models/presenters/mi_seq_qc_tube_presenter.rb": [
        null,
        null,
        0,
        0,
        0,
        null,
        0,
        0,
        0,
        0,
        null,
        0,
        0,
        0,
        0,
        null,
        0,
        0,
        0,
        null,
        0,
        0,
        0,
        null,
        0,
        0,
        0,
        null,
        0,
        0,
        0,
        0,
        null,
        0,
        0,
        0,
        0,
        null,
        0,
        0,
        0,
        0,
        0,
        0,
        0
      ],
      "/Users/jg16/projects/james/limber/app/models/presenters/minimal_stock_plate_presenter.rb": [
        null,
        null,
        0,
        0,
        0,
        null,
        0,
        null,
        0,
        null,
        0,
        null,
        0,
        0,
        0
      ],
      "/Users/jg16/projects/james/limber/app/models/presenters/pcr_presenter.rb": [
        null,
        null,
        0,
        null,
        null,
        0,
        0,
        0,
        0
      ],
      "/Users/jg16/projects/james/limber/app/models/presenters/qc_tube_presenter.rb": [
        null,
        null,
        0,
        0,
        0,
        0,
        0,
        0,
        0,
        null,
        0,
        0,
        0,
        null,
        0,
        0,
        0,
        null,
        0,
        0,
        0,
        null,
        0,
        0,
        0,
        null,
        0,
        0,
        0,
        0,
        null,
        0,
        0,
        0,
        0,
        null,
        0,
        0,
        null,
        null,
        0,
        0,
        0,
        0,
        null,
        0,
        0,
        0,
        0,
        0,
        0,
        0,
        0
      ],
      "/Users/jg16/projects/james/limber/app/models/presenters/unknown_tube_presenter.rb": [
        null,
        null,
        0,
        0,
        0,
        0,
        null,
        0,
        null,
        0,
        0,
        0,
        null,
        0,
        0,
        0,
        null,
        0,
        null,
        0,
        null,
        0,
        null,
        0,
        null,
        0,
        0,
        0,
        0,
        0
      ],
      "/Users/jg16/projects/james/limber/app/models/robots/pooling_robot.rb": [
        null,
        null,
        0,
        0,
        0,
        0,
        null,
        0,
        0,
        0,
        0,
        null,
        0,
        0,
        0,
        null,
        0,
        0,
        0,
        null,
        0,
        0,
        0,
        0,
        0,
        0,
        0,
        null,
        0,
        0,
        0,
        0,
        0,
        0,
        0,
        null,
        0,
        null,
        0,
        0,
        0,
        0,
        0,
        null,
        0,
        null,
        0,
        0,
        0,
        null,
        0,
        0,
        0,
        0,
        0,
        0,
        0,
        0,
        null,
        0,
        0,
        0,
        null,
        0,
        0,
        0,
        null,
        0,
        0,
        0,
        0,
        0
      ],
      "/Users/jg16/projects/james/limber/app/models/robots/shared_bed_robot.rb": [
        null,
        null,
        0,
        0,
        0,
        0,
        null,
        0,
        null,
        0,
        0,
        0,
        0,
        0,
        0,
        null,
        0,
        0,
        0,
        0,
        0,
        0,
        0,
        0,
        0,
        null,
        0,
        0,
        0,
        0,
        0,
        0,
        0,
        0,
        0,
        0,
        0,
        0,
        0,
        null,
        0,
        0,
        0,
        0,
        0,
        0,
        0,
        0,
        0,
        0,
        0,
        null,
        0,
        0,
        0,
        0,
        0,
        null,
        0,
        0,
        0,
        null,
        0,
        null,
        0,
        0,
        0,
        null,
        0,
        0,
        0,
        null,
        0,
        0,
        0,
        null,
        0,
        0,
        0,
        null,
        0,
        0,
        0,
        0,
        null,
        0,
        0,
        0,
        0,
        0,
        0
      ],
      "/Users/jg16/projects/james/limber/app/models/state_changers/mi_seq_qc_tube_state_changer.rb": [
        null,
        null,
        0,
        0,
        0,
        null,
        0,
        null,
        0,
        0,
        0,
        0,
        null,
        0,
        null,
        0,
        0,
        0,
        0,
        0,
        0,
        0,
        0,
        null,
        0,
        0,
        0,
        0,
        null,
        0,
        0,
        0,
        0,
        0,
        0,
        0,
        0
      ],
      "/Users/jg16/projects/james/limber/app/sequencescape/sequencescape/api.rb": [
        null,
        null,
        null,
        0
      ],
      "/Users/jg16/projects/james/limber/app/sequencescape/sequencescape.rb": [
        null,
        null,
        0,
        0
      ]
    },
    "timestamp": 1534348216
  }
}
